<?xml version="1.0" encoding="UTF-8"?>
<testsuite xmlns:xsi="http://www.w3.org/2001/XMLSchema-instance" xsi:noNamespaceSchemaLocation="https://maven.apache.org/surefire/maven-surefire-plugin/xsd/surefire-test-report.xsd" version="3.0.1" name="Medium_Selenium_Framework_Questions.HomePageTest" time="16.231" tests="1" errors="0" skipped="0" failures="1">
  <properties>
    <property name="java.specification.version" value="21"/>
    <property name="sun.cpu.isalist" value="amd64"/>
    <property name="sun.jnu.encoding" value="Cp1252"/>
    <property name="java.class.path" value="C:\Users\hinai\Desktop\HybridFramework_Backup_June2025\MavenProjectBootCamp2025\target\test-classes;C:\Users\hinai\Desktop\HybridFramework_Backup_June2025\MavenProjectBootCamp2025\target\classes;C:\Users\hinai\.m2\repository\org\seleniumhq\selenium\selenium-java\4.33.0\selenium-java-4.33.0.jar;C:\Users\hinai\.m2\repository\org\seleniumhq\selenium\selenium-api\4.33.0\selenium-api-4.33.0.jar;C:\Users\hinai\.m2\repository\org\jspecify\jspecify\1.0.0\jspecify-1.0.0.jar;C:\Users\hinai\.m2\repository\org\seleniumhq\selenium\selenium-chrome-driver\4.33.0\selenium-chrome-driver-4.33.0.jar;C:\Users\hinai\.m2\repository\com\google\auto\service\auto-service-annotations\1.1.1\auto-service-annotations-1.1.1.jar;C:\Users\hinai\.m2\repository\org\seleniumhq\selenium\selenium-chromium-driver\4.33.0\selenium-chromium-driver-4.33.0.jar;C:\Users\hinai\.m2\repository\org\seleniumhq\selenium\selenium-json\4.33.0\selenium-json-4.33.0.jar;C:\Users\hinai\.m2\repository\org\seleniumhq\selenium\selenium-manager\4.33.0\selenium-manager-4.33.0.jar;C:\Users\hinai\.m2\repository\org\seleniumhq\selenium\selenium-devtools-v135\4.33.0\selenium-devtools-v135-4.33.0.jar;C:\Users\hinai\.m2\repository\org\seleniumhq\selenium\selenium-devtools-v136\4.33.0\selenium-devtools-v136-4.33.0.jar;C:\Users\hinai\.m2\repository\org\seleniumhq\selenium\selenium-devtools-v137\4.33.0\selenium-devtools-v137-4.33.0.jar;C:\Users\hinai\.m2\repository\org\seleniumhq\selenium\selenium-edge-driver\4.33.0\selenium-edge-driver-4.33.0.jar;C:\Users\hinai\.m2\repository\org\seleniumhq\selenium\selenium-firefox-driver\4.33.0\selenium-firefox-driver-4.33.0.jar;C:\Users\hinai\.m2\repository\org\seleniumhq\selenium\selenium-http\4.33.0\selenium-http-4.33.0.jar;C:\Users\hinai\.m2\repository\org\seleniumhq\selenium\selenium-ie-driver\4.33.0\selenium-ie-driver-4.33.0.jar;C:\Users\hinai\.m2\repository\org\seleniumhq\selenium\selenium-remote-driver\4.33.0\selenium-remote-driver-4.33.0.jar;C:\Users\hinai\.m2\repository\com\google\guava\guava\33.4.8-jre\guava-33.4.8-jre.jar;C:\Users\hinai\.m2\repository\com\google\guava\failureaccess\1.0.3\failureaccess-1.0.3.jar;C:\Users\hinai\.m2\repository\com\google\guava\listenablefuture\9999.0-empty-to-avoid-conflict-with-guava\listenablefuture-9999.0-empty-to-avoid-conflict-with-guava.jar;C:\Users\hinai\.m2\repository\com\google\errorprone\error_prone_annotations\2.36.0\error_prone_annotations-2.36.0.jar;C:\Users\hinai\.m2\repository\com\google\j2objc\j2objc-annotations\3.0.0\j2objc-annotations-3.0.0.jar;C:\Users\hinai\.m2\repository\io\opentelemetry\opentelemetry-api\1.50.0\opentelemetry-api-1.50.0.jar;C:\Users\hinai\.m2\repository\io\opentelemetry\opentelemetry-context\1.50.0\opentelemetry-context-1.50.0.jar;C:\Users\hinai\.m2\repository\io\opentelemetry\opentelemetry-exporter-logging\1.50.0\opentelemetry-exporter-logging-1.50.0.jar;C:\Users\hinai\.m2\repository\io\opentelemetry\opentelemetry-sdk-common\1.50.0\opentelemetry-sdk-common-1.50.0.jar;C:\Users\hinai\.m2\repository\io\opentelemetry\opentelemetry-sdk-extension-autoconfigure-spi\1.50.0\opentelemetry-sdk-extension-autoconfigure-spi-1.50.0.jar;C:\Users\hinai\.m2\repository\io\opentelemetry\opentelemetry-sdk-extension-autoconfigure\1.50.0\opentelemetry-sdk-extension-autoconfigure-1.50.0.jar;C:\Users\hinai\.m2\repository\io\opentelemetry\opentelemetry-sdk-trace\1.50.0\opentelemetry-sdk-trace-1.50.0.jar;C:\Users\hinai\.m2\repository\io\opentelemetry\opentelemetry-sdk\1.50.0\opentelemetry-sdk-1.50.0.jar;C:\Users\hinai\.m2\repository\io\opentelemetry\opentelemetry-sdk-metrics\1.50.0\opentelemetry-sdk-metrics-1.50.0.jar;C:\Users\hinai\.m2\repository\io\opentelemetry\opentelemetry-sdk-logs\1.50.0\opentelemetry-sdk-logs-1.50.0.jar;C:\Users\hinai\.m2\repository\net\bytebuddy\byte-buddy\1.17.5\byte-buddy-1.17.5.jar;C:\Users\hinai\.m2\repository\org\seleniumhq\selenium\selenium-os\4.33.0\selenium-os-4.33.0.jar;C:\Users\hinai\.m2\repository\org\apache\commons\commons-exec\1.4.0\commons-exec-1.4.0.jar;C:\Users\hinai\.m2\repository\org\seleniumhq\selenium\selenium-safari-driver\4.33.0\selenium-safari-driver-4.33.0.jar;C:\Users\hinai\.m2\repository\org\seleniumhq\selenium\selenium-support\4.33.0\selenium-support-4.33.0.jar;C:\Users\hinai\.m2\repository\io\github\bonigarcia\webdrivermanager\6.1.0\webdrivermanager-6.1.0.jar;C:\Users\hinai\.m2\repository\org\slf4j\slf4j-api\2.0.17\slf4j-api-2.0.17.jar;C:\Users\hinai\.m2\repository\com\github\docker-java\docker-java\3.5.0\docker-java-3.5.0.jar;C:\Users\hinai\.m2\repository\com\github\docker-java\docker-java-core\3.5.0\docker-java-core-3.5.0.jar;C:\Users\hinai\.m2\repository\com\github\docker-java\docker-java-api\3.5.0\docker-java-api-3.5.0.jar;C:\Users\hinai\.m2\repository\com\fasterxml\jackson\core\jackson-annotations\2.18.3\jackson-annotations-2.18.3.jar;C:\Users\hinai\.m2\repository\com\fasterxml\jackson\core\jackson-databind\2.18.3\jackson-databind-2.18.3.jar;C:\Users\hinai\.m2\repository\com\fasterxml\jackson\core\jackson-core\2.18.3\jackson-core-2.18.3.jar;C:\Users\hinai\.m2\repository\org\slf4j\jcl-over-slf4j\1.7.30\jcl-over-slf4j-1.7.30.jar;C:\Users\hinai\.m2\repository\com\github\docker-java\docker-java-transport-httpclient5\3.5.0\docker-java-transport-httpclient5-3.5.0.jar;C:\Users\hinai\.m2\repository\com\github\docker-java\docker-java-transport\3.5.0\docker-java-transport-3.5.0.jar;C:\Users\hinai\.m2\repository\net\java\dev\jna\jna\5.17.0\jna-5.17.0.jar;C:\Users\hinai\.m2\repository\org\brotli\dec\0.1.2\dec-0.1.2.jar;C:\Users\hinai\.m2\repository\org\apache\commons\commons-lang3\3.17.0\commons-lang3-3.17.0.jar;C:\Users\hinai\.m2\repository\org\apache\commons\commons-compress\1.27.1\commons-compress-1.27.1.jar;C:\Users\hinai\.m2\repository\commons-codec\commons-codec\1.17.1\commons-codec-1.17.1.jar;C:\Users\hinai\.m2\repository\org\apache\httpcomponents\client5\httpclient5\5.4.3\httpclient5-5.4.3.jar;C:\Users\hinai\.m2\repository\org\apache\httpcomponents\core5\httpcore5\5.3.4\httpcore5-5.3.4.jar;C:\Users\hinai\.m2\repository\org\apache\httpcomponents\core5\httpcore5-h2\5.3.4\httpcore5-h2-5.3.4.jar;C:\Users\hinai\.m2\repository\net\java\dev\jna\jna-platform\5.13.0\jna-platform-5.13.0.jar;C:\Users\hinai\.m2\repository\org\testng\testng\7.11.0\testng-7.11.0.jar;C:\Users\hinai\.m2\repository\org\jcommander\jcommander\1.83\jcommander-1.83.jar;C:\Users\hinai\.m2\repository\org\webjars\jquery\3.7.1\jquery-3.7.1.jar;C:\Users\hinai\.m2\repository\com\aventstack\extentreports\5.1.2\extentreports-5.1.2.jar;C:\Users\hinai\.m2\repository\io\reactivex\rxjava3\rxjava\3.1.6\rxjava-3.1.6.jar;C:\Users\hinai\.m2\repository\org\reactivestreams\reactive-streams\1.0.4\reactive-streams-1.0.4.jar;C:\Users\hinai\.m2\repository\org\freemarker\freemarker\2.3.32\freemarker-2.3.32.jar;C:\Users\hinai\.m2\repository\org\projectlombok\lombok\1.18.26\lombok-1.18.26.jar;C:\Users\hinai\.m2\repository\org\apache\poi\poi-ooxml\5.2.5\poi-ooxml-5.2.5.jar;C:\Users\hinai\.m2\repository\org\apache\poi\poi\5.2.5\poi-5.2.5.jar;C:\Users\hinai\.m2\repository\org\apache\commons\commons-math3\3.6.1\commons-math3-3.6.1.jar;C:\Users\hinai\.m2\repository\com\zaxxer\SparseBitSet\1.3\SparseBitSet-1.3.jar;C:\Users\hinai\.m2\repository\org\apache\poi\poi-ooxml-lite\5.2.5\poi-ooxml-lite-5.2.5.jar;C:\Users\hinai\.m2\repository\org\apache\xmlbeans\xmlbeans\5.2.0\xmlbeans-5.2.0.jar;C:\Users\hinai\.m2\repository\commons-io\commons-io\2.15.0\commons-io-2.15.0.jar;C:\Users\hinai\.m2\repository\com\github\virtuald\curvesapi\1.08\curvesapi-1.08.jar;C:\Users\hinai\.m2\repository\org\apache\logging\log4j\log4j-api\2.21.1\log4j-api-2.21.1.jar;C:\Users\hinai\.m2\repository\org\apache\commons\commons-collections4\4.4\commons-collections4-4.4.jar;C:\Users\hinai\.m2\repository\com\google\code\gson\gson\2.10.1\gson-2.10.1.jar;"/>
    <property name="java.vm.vendor" value="Oracle Corporation"/>
    <property name="sun.arch.data.model" value="64"/>
    <property name="user.variant" value=""/>
    <property name="java.vendor.url" value="https://java.oracle.com/"/>
    <property name="user.timezone" value="America/New_York"/>
    <property name="os.name" value="Windows 11"/>
    <property name="java.vm.specification.version" value="21"/>
    <property name="sun.java.launcher" value="SUN_STANDARD"/>
    <property name="user.country" value="US"/>
    <property name="sun.boot.library.path" value="C:\Program Files\Java\jdk-21\bin"/>
    <property name="sun.java.command" value="C:\Users\hinai\AppData\Local\Temp\surefire14998293413999111919\surefirebooter-20250615232308898_3.jar C:\Users\hinai\AppData\Local\Temp\surefire14998293413999111919 2025-06-15T23-23-08_790-jvmRun1 surefire-20250615232308898_1tmp surefire_0-20250615232308898_2tmp"/>
    <property name="jdk.debug" value="release"/>
    <property name="test" value="HomePageTest"/>
    <property name="surefire.test.class.path" value="C:\Users\hinai\Desktop\HybridFramework_Backup_June2025\MavenProjectBootCamp2025\target\test-classes;C:\Users\hinai\Desktop\HybridFramework_Backup_June2025\MavenProjectBootCamp2025\target\classes;C:\Users\hinai\.m2\repository\org\seleniumhq\selenium\selenium-java\4.33.0\selenium-java-4.33.0.jar;C:\Users\hinai\.m2\repository\org\seleniumhq\selenium\selenium-api\4.33.0\selenium-api-4.33.0.jar;C:\Users\hinai\.m2\repository\org\jspecify\jspecify\1.0.0\jspecify-1.0.0.jar;C:\Users\hinai\.m2\repository\org\seleniumhq\selenium\selenium-chrome-driver\4.33.0\selenium-chrome-driver-4.33.0.jar;C:\Users\hinai\.m2\repository\com\google\auto\service\auto-service-annotations\1.1.1\auto-service-annotations-1.1.1.jar;C:\Users\hinai\.m2\repository\org\seleniumhq\selenium\selenium-chromium-driver\4.33.0\selenium-chromium-driver-4.33.0.jar;C:\Users\hinai\.m2\repository\org\seleniumhq\selenium\selenium-json\4.33.0\selenium-json-4.33.0.jar;C:\Users\hinai\.m2\repository\org\seleniumhq\selenium\selenium-manager\4.33.0\selenium-manager-4.33.0.jar;C:\Users\hinai\.m2\repository\org\seleniumhq\selenium\selenium-devtools-v135\4.33.0\selenium-devtools-v135-4.33.0.jar;C:\Users\hinai\.m2\repository\org\seleniumhq\selenium\selenium-devtools-v136\4.33.0\selenium-devtools-v136-4.33.0.jar;C:\Users\hinai\.m2\repository\org\seleniumhq\selenium\selenium-devtools-v137\4.33.0\selenium-devtools-v137-4.33.0.jar;C:\Users\hinai\.m2\repository\org\seleniumhq\selenium\selenium-edge-driver\4.33.0\selenium-edge-driver-4.33.0.jar;C:\Users\hinai\.m2\repository\org\seleniumhq\selenium\selenium-firefox-driver\4.33.0\selenium-firefox-driver-4.33.0.jar;C:\Users\hinai\.m2\repository\org\seleniumhq\selenium\selenium-http\4.33.0\selenium-http-4.33.0.jar;C:\Users\hinai\.m2\repository\org\seleniumhq\selenium\selenium-ie-driver\4.33.0\selenium-ie-driver-4.33.0.jar;C:\Users\hinai\.m2\repository\org\seleniumhq\selenium\selenium-remote-driver\4.33.0\selenium-remote-driver-4.33.0.jar;C:\Users\hinai\.m2\repository\com\google\guava\guava\33.4.8-jre\guava-33.4.8-jre.jar;C:\Users\hinai\.m2\repository\com\google\guava\failureaccess\1.0.3\failureaccess-1.0.3.jar;C:\Users\hinai\.m2\repository\com\google\guava\listenablefuture\9999.0-empty-to-avoid-conflict-with-guava\listenablefuture-9999.0-empty-to-avoid-conflict-with-guava.jar;C:\Users\hinai\.m2\repository\com\google\errorprone\error_prone_annotations\2.36.0\error_prone_annotations-2.36.0.jar;C:\Users\hinai\.m2\repository\com\google\j2objc\j2objc-annotations\3.0.0\j2objc-annotations-3.0.0.jar;C:\Users\hinai\.m2\repository\io\opentelemetry\opentelemetry-api\1.50.0\opentelemetry-api-1.50.0.jar;C:\Users\hinai\.m2\repository\io\opentelemetry\opentelemetry-context\1.50.0\opentelemetry-context-1.50.0.jar;C:\Users\hinai\.m2\repository\io\opentelemetry\opentelemetry-exporter-logging\1.50.0\opentelemetry-exporter-logging-1.50.0.jar;C:\Users\hinai\.m2\repository\io\opentelemetry\opentelemetry-sdk-common\1.50.0\opentelemetry-sdk-common-1.50.0.jar;C:\Users\hinai\.m2\repository\io\opentelemetry\opentelemetry-sdk-extension-autoconfigure-spi\1.50.0\opentelemetry-sdk-extension-autoconfigure-spi-1.50.0.jar;C:\Users\hinai\.m2\repository\io\opentelemetry\opentelemetry-sdk-extension-autoconfigure\1.50.0\opentelemetry-sdk-extension-autoconfigure-1.50.0.jar;C:\Users\hinai\.m2\repository\io\opentelemetry\opentelemetry-sdk-trace\1.50.0\opentelemetry-sdk-trace-1.50.0.jar;C:\Users\hinai\.m2\repository\io\opentelemetry\opentelemetry-sdk\1.50.0\opentelemetry-sdk-1.50.0.jar;C:\Users\hinai\.m2\repository\io\opentelemetry\opentelemetry-sdk-metrics\1.50.0\opentelemetry-sdk-metrics-1.50.0.jar;C:\Users\hinai\.m2\repository\io\opentelemetry\opentelemetry-sdk-logs\1.50.0\opentelemetry-sdk-logs-1.50.0.jar;C:\Users\hinai\.m2\repository\net\bytebuddy\byte-buddy\1.17.5\byte-buddy-1.17.5.jar;C:\Users\hinai\.m2\repository\org\seleniumhq\selenium\selenium-os\4.33.0\selenium-os-4.33.0.jar;C:\Users\hinai\.m2\repository\org\apache\commons\commons-exec\1.4.0\commons-exec-1.4.0.jar;C:\Users\hinai\.m2\repository\org\seleniumhq\selenium\selenium-safari-driver\4.33.0\selenium-safari-driver-4.33.0.jar;C:\Users\hinai\.m2\repository\org\seleniumhq\selenium\selenium-support\4.33.0\selenium-support-4.33.0.jar;C:\Users\hinai\.m2\repository\io\github\bonigarcia\webdrivermanager\6.1.0\webdrivermanager-6.1.0.jar;C:\Users\hinai\.m2\repository\org\slf4j\slf4j-api\2.0.17\slf4j-api-2.0.17.jar;C:\Users\hinai\.m2\repository\com\github\docker-java\docker-java\3.5.0\docker-java-3.5.0.jar;C:\Users\hinai\.m2\repository\com\github\docker-java\docker-java-core\3.5.0\docker-java-core-3.5.0.jar;C:\Users\hinai\.m2\repository\com\github\docker-java\docker-java-api\3.5.0\docker-java-api-3.5.0.jar;C:\Users\hinai\.m2\repository\com\fasterxml\jackson\core\jackson-annotations\2.18.3\jackson-annotations-2.18.3.jar;C:\Users\hinai\.m2\repository\com\fasterxml\jackson\core\jackson-databind\2.18.3\jackson-databind-2.18.3.jar;C:\Users\hinai\.m2\repository\com\fasterxml\jackson\core\jackson-core\2.18.3\jackson-core-2.18.3.jar;C:\Users\hinai\.m2\repository\org\slf4j\jcl-over-slf4j\1.7.30\jcl-over-slf4j-1.7.30.jar;C:\Users\hinai\.m2\repository\com\github\docker-java\docker-java-transport-httpclient5\3.5.0\docker-java-transport-httpclient5-3.5.0.jar;C:\Users\hinai\.m2\repository\com\github\docker-java\docker-java-transport\3.5.0\docker-java-transport-3.5.0.jar;C:\Users\hinai\.m2\repository\net\java\dev\jna\jna\5.17.0\jna-5.17.0.jar;C:\Users\hinai\.m2\repository\org\brotli\dec\0.1.2\dec-0.1.2.jar;C:\Users\hinai\.m2\repository\org\apache\commons\commons-lang3\3.17.0\commons-lang3-3.17.0.jar;C:\Users\hinai\.m2\repository\org\apache\commons\commons-compress\1.27.1\commons-compress-1.27.1.jar;C:\Users\hinai\.m2\repository\commons-codec\commons-codec\1.17.1\commons-codec-1.17.1.jar;C:\Users\hinai\.m2\repository\org\apache\httpcomponents\client5\httpclient5\5.4.3\httpclient5-5.4.3.jar;C:\Users\hinai\.m2\repository\org\apache\httpcomponents\core5\httpcore5\5.3.4\httpcore5-5.3.4.jar;C:\Users\hinai\.m2\repository\org\apache\httpcomponents\core5\httpcore5-h2\5.3.4\httpcore5-h2-5.3.4.jar;C:\Users\hinai\.m2\repository\net\java\dev\jna\jna-platform\5.13.0\jna-platform-5.13.0.jar;C:\Users\hinai\.m2\repository\org\testng\testng\7.11.0\testng-7.11.0.jar;C:\Users\hinai\.m2\repository\org\jcommander\jcommander\1.83\jcommander-1.83.jar;C:\Users\hinai\.m2\repository\org\webjars\jquery\3.7.1\jquery-3.7.1.jar;C:\Users\hinai\.m2\repository\com\aventstack\extentreports\5.1.2\extentreports-5.1.2.jar;C:\Users\hinai\.m2\repository\io\reactivex\rxjava3\rxjava\3.1.6\rxjava-3.1.6.jar;C:\Users\hinai\.m2\repository\org\reactivestreams\reactive-streams\1.0.4\reactive-streams-1.0.4.jar;C:\Users\hinai\.m2\repository\org\freemarker\freemarker\2.3.32\freemarker-2.3.32.jar;C:\Users\hinai\.m2\repository\org\projectlombok\lombok\1.18.26\lombok-1.18.26.jar;C:\Users\hinai\.m2\repository\org\apache\poi\poi-ooxml\5.2.5\poi-ooxml-5.2.5.jar;C:\Users\hinai\.m2\repository\org\apache\poi\poi\5.2.5\poi-5.2.5.jar;C:\Users\hinai\.m2\repository\org\apache\commons\commons-math3\3.6.1\commons-math3-3.6.1.jar;C:\Users\hinai\.m2\repository\com\zaxxer\SparseBitSet\1.3\SparseBitSet-1.3.jar;C:\Users\hinai\.m2\repository\org\apache\poi\poi-ooxml-lite\5.2.5\poi-ooxml-lite-5.2.5.jar;C:\Users\hinai\.m2\repository\org\apache\xmlbeans\xmlbeans\5.2.0\xmlbeans-5.2.0.jar;C:\Users\hinai\.m2\repository\commons-io\commons-io\2.15.0\commons-io-2.15.0.jar;C:\Users\hinai\.m2\repository\com\github\virtuald\curvesapi\1.08\curvesapi-1.08.jar;C:\Users\hinai\.m2\repository\org\apache\logging\log4j\log4j-api\2.21.1\log4j-api-2.21.1.jar;C:\Users\hinai\.m2\repository\org\apache\commons\commons-collections4\4.4\commons-collections4-4.4.jar;C:\Users\hinai\.m2\repository\com\google\code\gson\gson\2.10.1\gson-2.10.1.jar;"/>
    <property name="sun.cpu.endian" value="little"/>
    <property name="user.home" value="C:\Users\hinai"/>
    <property name="user.language" value="en"/>
    <property name="java.specification.vendor" value="Oracle Corporation"/>
    <property name="java.version.date" value="2025-01-21"/>
    <property name="java.home" value="C:\Program Files\Java\jdk-21"/>
    <property name="file.separator" value="\"/>
    <property name="basedir" value="C:\Users\hinai\Desktop\HybridFramework_Backup_June2025\MavenProjectBootCamp2025"/>
    <property name="java.vm.compressedOopsMode" value="32-bit"/>
    <property name="line.separator" value="&#10;"/>
    <property name="java.vm.specification.vendor" value="Oracle Corporation"/>
    <property name="java.specification.name" value="Java Platform API Specification"/>
    <property name="surefire.real.class.path" value="C:\Users\hinai\AppData\Local\Temp\surefire14998293413999111919\surefirebooter-20250615232308898_3.jar"/>
    <property name="user.script" value=""/>
    <property name="sun.management.compiler" value="HotSpot 64-Bit Tiered Compilers"/>
    <property name="java.runtime.version" value="21.0.6+8-LTS-188"/>
    <property name="user.name" value="Hina Ihsan"/>
    <property name="stdout.encoding" value="Cp1252"/>
    <property name="path.separator" value=";"/>
    <property name="os.version" value="10.0"/>
    <property name="java.runtime.name" value="Java(TM) SE Runtime Environment"/>
    <property name="file.encoding" value="UTF-8"/>
    <property name="java.vm.name" value="Java HotSpot(TM) 64-Bit Server VM"/>
    <property name="localRepository" value="C:\Users\hinai\.m2\repository"/>
    <property name="java.vendor.url.bug" value="https://bugreport.java.com/bugreport/"/>
    <property name="java.io.tmpdir" value="C:\Users\hinai\AppData\Local\Temp\"/>
    <property name="java.version" value="21.0.6"/>
    <property name="user.dir" value="C:\Users\hinai\Desktop\HybridFramework_Backup_June2025\MavenProjectBootCamp2025"/>
    <property name="os.arch" value="amd64"/>
    <property name="java.vm.specification.name" value="Java Virtual Machine Specification"/>
    <property name="sun.os.patch.level" value=""/>
    <property name="native.encoding" value="Cp1252"/>
    <property name="java.library.path" value="C:\Program Files\Java\jdk-21\bin;C:\WINDOWS\Sun\Java\bin;C:\WINDOWS\system32;C:\WINDOWS;C:\Users\hinai\bin;C:\Program Files\Git\mingw64\bin;C:\Program Files\Git\usr\local\bin;C:\Program Files\Git\usr\bin;C:\Program Files\Git\usr\bin;C:\Program Files\Git\mingw64\bin;C:\Program Files\Git\usr\bin;C:\Users\hinai\bin;C:\Program Files\Common Files\Oracle\Java\javapath;C:\WINDOWS\system32;C:\WINDOWS;C:\WINDOWS\System32\Wbem;C:\WINDOWS\System32\WindowsPowerShell\v1.0;C:\WINDOWS\System32\OpenSSH;C:\Program Files\Microsoft SQL Server\Client SDK\ODBC\170\Tools\Binn;C:\Program Files\dotnet;C:\Program Files\Git\cmd;C:\Program Files\Java\jdk-21;C:\Users\hinai\Desktop\Automation 2025\Maven\apache-maven-3.9.9\bin;C:\Program Files\Git\usr\bin\vendor_perl;C:\Program Files\Git\usr\bin\core_perl;."/>
    <property name="java.vm.info" value="mixed mode, sharing"/>
    <property name="stderr.encoding" value="Cp1252"/>
    <property name="java.vendor" value="Oracle Corporation"/>
    <property name="java.vm.version" value="21.0.6+8-LTS-188"/>
    <property name="sun.io.unicode.encoding" value="UnicodeLittle"/>
    <property name="java.class.version" value="65.0"/>
  </properties>
  <testcase name="verifyHomePageElementsAndNavigation" classname="Medium_Selenium_Framework_Questions.HomePageTest" time="10.446">
    <failure message="Expected condition failed: waiting for visibility of Proxy element for: DefaultElementLocator &apos;By.xpath: //div[@id=&apos;logo&apos;]/a/img&apos; (tried for 10 second(s) with 500 milliseconds interval)" type="org.openqa.selenium.TimeoutException"><![CDATA[org.openqa.selenium.TimeoutException: Expected condition failed: waiting for visibility of Proxy element for: DefaultElementLocator 'By.xpath: //div[@id='logo']/a/img' (tried for 10 second(s) with 500 milliseconds interval)
	at org.openqa.selenium.support.ui.WebDriverWait.timeoutException(WebDriverWait.java:84)
	at org.openqa.selenium.support.ui.FluentWait.until(FluentWait.java:228)
	at Medium_Selenium_Framework_Questions.HomePage.isLogoDisplayed(HomePage.java:35)
	at Medium_Selenium_Framework_Questions.HomePageTest.verifyHomePageElementsAndNavigation(HomePageTest.java:23)
	at java.base/jdk.internal.reflect.DirectMethodHandleAccessor.invoke(DirectMethodHandleAccessor.java:103)
	at java.base/java.lang.reflect.Method.invoke(Method.java:580)
	at org.testng.internal.invokers.MethodInvocationHelper.invokeMethod(MethodInvocationHelper.java:141)
	at org.testng.internal.invokers.TestInvoker.invokeMethod(TestInvoker.java:687)
	at org.testng.internal.invokers.TestInvoker.invokeTestMethod(TestInvoker.java:230)
	at org.testng.internal.invokers.MethodRunner.runInSequence(MethodRunner.java:63)
	at org.testng.internal.invokers.TestInvoker$MethodInvocationAgent.invoke(TestInvoker.java:995)
	at org.testng.internal.invokers.TestInvoker.invokeTestMethods(TestInvoker.java:203)
	at org.testng.internal.invokers.TestMethodWorker.invokeTestMethods(TestMethodWorker.java:154)
	at org.testng.internal.invokers.TestMethodWorker.run(TestMethodWorker.java:134)
	at java.base/java.util.ArrayList.forEach(ArrayList.java:1596)
	at org.testng.TestRunner.privateRun(TestRunner.java:741)
	at org.testng.TestRunner.run(TestRunner.java:616)
	at org.testng.SuiteRunner.runTest(SuiteRunner.java:421)
	at org.testng.SuiteRunner.runSequentially(SuiteRunner.java:413)
	at org.testng.SuiteRunner.privateRun(SuiteRunner.java:373)
	at org.testng.SuiteRunner.run(SuiteRunner.java:312)
	at org.testng.SuiteRunnerWorker.runSuite(SuiteRunnerWorker.java:52)
	at org.testng.SuiteRunnerWorker.run(SuiteRunnerWorker.java:95)
	at org.testng.TestNG.runSuitesSequentially(TestNG.java:1274)
	at org.testng.TestNG.runSuitesLocally(TestNG.java:1208)
	at org.testng.TestNG.runSuites(TestNG.java:1112)
	at org.testng.TestNG.run(TestNG.java:1079)
	at org.apache.maven.surefire.testng.TestNGExecutor.run(TestNGExecutor.java:155)
	at org.apache.maven.surefire.testng.TestNGDirectoryTestSuite.executeSingleClass(TestNGDirectoryTestSuite.java:102)
	at org.apache.maven.surefire.testng.TestNGDirectoryTestSuite.execute(TestNGDirectoryTestSuite.java:91)
	at org.apache.maven.surefire.testng.TestNGProvider.invoke(TestNGProvider.java:137)
	at org.apache.maven.surefire.booter.ForkedBooter.runSuitesInProcess(ForkedBooter.java:385)
	at org.apache.maven.surefire.booter.ForkedBooter.execute(ForkedBooter.java:162)
	at org.apache.maven.surefire.booter.ForkedBooter.run(ForkedBooter.java:507)
	at org.apache.maven.surefire.booter.ForkedBooter.main(ForkedBooter.java:495)
Caused by: org.openqa.selenium.NoSuchElementException: no such element: Unable to locate element: {"method":"xpath","selector":"//div[@id='logo']/a/img"}
  (Session info: chrome=137.0.7151.104)
For documentation on this error, please visit: https://www.selenium.dev/documentation/webdriver/troubleshooting/errors#no-such-element-exception
Build info: version: '4.33.0', revision: '2c6aaad03a'
System info: os.name: 'Windows 11', os.arch: 'amd64', os.version: '10.0', java.version: '21.0.6'
Driver info: org.openqa.selenium.chrome.ChromeDriver
Command: [314e1bd777c3e761bf2804d8cad3062b, findElement {value=//div[@id='logo']/a/img, using=xpath}]
Capabilities {acceptInsecureCerts: false, browserName: chrome, browserVersion: 137.0.7151.104, chrome: {chromedriverVersion: 137.0.7151.70 (dfa4dc56b2ab..., userDataDir: C:\Users\hinai\AppData\Loca...}, fedcm:accounts: true, goog:chromeOptions: {debuggerAddress: localhost:55172}, networkConnectionEnabled: false, pageLoadStrategy: normal, platformName: windows, proxy: Proxy(), se:cdp: ws://localhost:55172/devtoo..., se:cdpVersion: 137.0.7151.104, setWindowRect: true, strictFileInteractability: false, timeouts: {implicit: 0, pageLoad: 300000, script: 30000}, unhandledPromptBehavior: dismiss and notify, webauthn:extension:credBlob: true, webauthn:extension:largeBlob: true, webauthn:extension:minPinLength: true, webauthn:extension:prf: true, webauthn:virtualAuthenticators: true}
Session ID: 314e1bd777c3e761bf2804d8cad3062b
	at java.base/jdk.internal.reflect.DirectConstructorHandleAccessor.newInstance(DirectConstructorHandleAccessor.java:62)
	at java.base/java.lang.reflect.Constructor.newInstanceWithCaller(Constructor.java:502)
	at java.base/java.lang.reflect.Constructor.newInstance(Constructor.java:486)
	at org.openqa.selenium.remote.ErrorCodec.decode(ErrorCodec.java:167)
	at org.openqa.selenium.remote.codec.w3c.W3CHttpResponseCodec.decode(W3CHttpResponseCodec.java:138)
	at org.openqa.selenium.remote.codec.w3c.W3CHttpResponseCodec.decode(W3CHttpResponseCodec.java:50)
	at org.openqa.selenium.remote.HttpCommandExecutor.execute(HttpCommandExecutor.java:215)
	at org.openqa.selenium.remote.service.DriverCommandExecutor.invokeExecute(DriverCommandExecutor.java:216)
	at org.openqa.selenium.remote.service.DriverCommandExecutor.execute(DriverCommandExecutor.java:174)
	at org.openqa.selenium.remote.RemoteWebDriver.execute(RemoteWebDriver.java:544)
	at org.openqa.selenium.remote.ElementLocation$ElementFinder$2.findElement(ElementLocation.java:165)
	at org.openqa.selenium.remote.ElementLocation.findElement(ElementLocation.java:59)
	at org.openqa.selenium.remote.RemoteWebDriver.findElement(RemoteWebDriver.java:367)
	at org.openqa.selenium.remote.RemoteWebDriver.findElement(RemoteWebDriver.java:361)
	at org.openqa.selenium.support.pagefactory.DefaultElementLocator.findElement(DefaultElementLocator.java:68)
	at org.openqa.selenium.support.pagefactory.internal.LocatingElementHandler.invoke(LocatingElementHandler.java:38)
	at jdk.proxy2/jdk.proxy2.$Proxy9.isDisplayed(Unknown Source)
	at org.openqa.selenium.support.ui.ExpectedConditions.elementIfVisible(ExpectedConditions.java:304)
	at org.openqa.selenium.support.ui.ExpectedConditions$10.apply(ExpectedConditions.java:290)
	at org.openqa.selenium.support.ui.ExpectedConditions$10.apply(ExpectedConditions.java:287)
	at org.openqa.selenium.support.ui.FluentWait.until(FluentWait.java:203)
	... 33 more
]]></failure>
    <system-err><![CDATA[SLF4J(W): No SLF4J providers were found.
SLF4J(W): Defaulting to no-operation (NOP) logger implementation
SLF4J(W): See https://www.slf4j.org/codes.html#noProviders for further details.
]]></system-err>
  </testcase>
</testsuite>