<?xml version="1.0" encoding="UTF-8"?>
<!-- Generated by org.testng.reporters.JUnitReportReporter -->
<testsuite hostname="INAM" failures="0" tests="1" name="Medium_Selenium_Framework_Questions.RegistrationTest" time="8.723" errors="0" timestamp="2025-06-15T03:41:05 EDT" skipped="0">
  <testcase classname="Medium_Selenium_Framework_Questions.RegistrationTest" name="verifySuccessfulRegistration" time="8.723"/>
</testsuite> <!-- Medium_Selenium_Framework_Questions.RegistrationTest -->
