<?xml version="1.0" encoding="UTF-8"?>
<!-- Generated by org.testng.reporters.JUnitReportReporter -->
<testsuite hostname="INAM" failures="0" tests="1" name="Difficult_Selenium_Framework_Questions.LoginTest" time="6.633" errors="0" timestamp="2025-06-14T23:42:59 EDT" skipped="0">
  <testcase classname="Difficult_Selenium_Framework_Questions.LoginTest" name="verifySuccessfulLogin" time="6.633"/>
</testsuite> <!-- Difficult_Selenium_Framework_Questions.LoginTest -->
