<?xml version="1.0" encoding="UTF-8"?>
<!-- Generated by org.testng.reporters.JUnitReportReporter -->
<testsuite hostname="INAM" failures="0" tests="1" name="Easy_Selenium_Framework_Questions.verify_the_title_of_the_page" time="5.197" errors="0" timestamp="2025-06-15T04:47:37 EDT" skipped="0">
  <testcase classname="Easy_Selenium_Framework_Questions.verify_the_title_of_the_page" name="verifyPageTitle" time="5.197"/>
</testsuite> <!-- Easy_Selenium_Framework_Questions.verify_the_title_of_the_page -->
