<?xml version="1.0" encoding="UTF-8"?>
<!-- Generated by org.testng.reporters.JUnitReportReporter -->
<testsuite hostname="INAM" failures="0" tests="1" name="Easy_Selenium_Framework_Questions.Verify_successful_login_with_valid_credentials" time="6.016" errors="0" timestamp="2025-06-15T03:09:18 EDT" skipped="0">
  <testcase classname="Easy_Selenium_Framework_Questions.Verify_successful_login_with_valid_credentials" name="verifyLoginWithValidCredentials" time="6.016"/>
</testsuite> <!-- Easy_Selenium_Framework_Questions.Verify_successful_login_with_valid_credentials -->
