<?xml version="1.0" encoding="UTF-8"?>
<!-- Generated by org.testng.reporters.JUnitReportReporter -->
<testsuite hostname="INAM" failures="0" tests="1" name="Difficult_Selenium_Framework_Questions.SearchProductTest" time="6.812" errors="0" timestamp="2025-06-14T22:38:11 EDT" skipped="0">
  <testcase classname="Difficult_Selenium_Framework_Questions.SearchProductTest" name="searchProduct" time="6.812"/>
</testsuite> <!-- Difficult_Selenium_Framework_Questions.SearchProductTest -->
