<?xml version="1.0" encoding="UTF-8"?>
<!-- Generated by org.testng.reporters.JUnitReportReporter -->
<testsuite hostname="INAM" failures="0" tests="1" name="Medium_Selenium_Framework_Questions.CheckoutTest" time="7.769" errors="0" timestamp="2025-06-15T04:04:29 EDT" skipped="0">
  <testcase classname="Medium_Selenium_Framework_Questions.CheckoutTest" name="verifyProductInCheckoutPage" time="7.769"/>
</testsuite> <!-- Medium_Selenium_Framework_Questions.CheckoutTest -->
