<?xml version="1.0" encoding="UTF-8"?>
<!-- Generated by org.testng.reporters.JUnitReportReporter -->
<testsuite hostname="INAM" failures="0" tests="1" name="Difficult_Selenium_Framework_Questions.ShoppingCartTest" time="15.678" errors="0" timestamp="2025-06-15T01:07:10 EDT" skipped="0">
  <testcase classname="Difficult_Selenium_Framework_Questions.ShoppingCartTest" name="verifyProductAddedToCart" time="15.678"/>
</testsuite> <!-- Difficult_Selenium_Framework_Questions.ShoppingCartTest -->
