<?xml version="1.0" encoding="UTF-8"?>
<!-- Generated by org.testng.reporters.JUnitReportReporter -->
<testsuite hostname="INAM" failures="0" tests="1" name="Easy_Selenium_Framework_Questions.Verify_Navigation_Simple" time="5.118" errors="0" timestamp="2025-06-14T22:23:07 EDT" skipped="0">
  <testcase classname="Easy_Selenium_Framework_Questions.Verify_Navigation_Simple" name="checkMacPageElements" time="5.118"/>
</testsuite> <!-- Easy_Selenium_Framework_Questions.Verify_Navigation_Simple -->
