<?xml version="1.0" encoding="UTF-8"?>
<!-- Generated by org.testng.reporters.JUnitReportReporter -->
<testsuite hostname="INAM" failures="0" tests="1" name="Difficult_Selenium_Framework_Questions.LoginTest" time="7.851" errors="0" timestamp="2025-06-16T19:43:57 EDT" skipped="0">
  <testcase classname="Difficult_Selenium_Framework_Questions.LoginTest" name="verifyLoginWithValidCredentials" time="7.851"/>
</testsuite> <!-- Difficult_Selenium_Framework_Questions.LoginTest -->
