<?xml version="1.0" encoding="UTF-8"?>
<!-- Generated by org.testng.reporters.JUnitReportReporter -->
<testsuite hostname="INAM" failures="0" tests="1" name="Difficult_Selenium_Framework_Questions.SearchPageTest" time="8.691" errors="0" timestamp="2025-06-16T19:43:57 EDT" skipped="0">
  <testcase classname="Difficult_Selenium_Framework_Questions.SearchPageTest" name="verifySearchFunctionality" time="8.691"/>
</testsuite> <!-- Difficult_Selenium_Framework_Questions.SearchPageTest -->
