<?xml version="1.0" encoding="UTF-8"?>
<!-- Generated by org.testng.reporters.JUnitReportReporter -->
<testsuite hostname="INAM" failures="0" tests="1" name="Medium_Selenium_Framework_Questions.RegistrationTest" time="9.494" errors="0" timestamp="2025-06-16T19:43:57 EDT" skipped="0">
  <testcase classname="Medium_Selenium_Framework_Questions.RegistrationTest" name="verifySuccessfulRegistration" time="9.494"/>
</testsuite> <!-- Medium_Selenium_Framework_Questions.RegistrationTest -->
